<?xml version="1.0" encoding="UTF-8"?>
<testsuites name="MyHours_TestSuite" time="18" tests="2" failures="0" errors="0">
   <testsuite name="MyHours_TestSuite" tests="2" failures="0" errors="0" time="18" timestamp="2018-06-26 21:19:37" hostname="Zahir - DESKTOP-DH2KCP9.lan" id="Test Suites/MyHours_TestSuite">
      <properties>
         <property name="deviceName" value=""/>
         <property name="devicePlatform" value=""/>
         <property name="logFolder" value="C:\\Users\\Zahir\\Katalon Studio\\MyHours_Assignment\\Reports\\MyHours_TestSuite\\20180626_211934"/>
         <property name="logFiles" value="C:\\Users\\Zahir\\Katalon Studio\\MyHours_Assignment\\Reports\\MyHours_TestSuite\\20180626_211934\\execution0.log"/>
         <property name="attachments" value=""/>
         <property name="hostName" value="Zahir - DESKTOP-DH2KCP9.lan"/>
         <property name="os" value="Windows 10 64bit"/>
         <property name="katalonVersion" value="5.3.0.1"/>
         <property name="browser" value="Firefox 60.0"/>
         <property name="hostAddress" value="192.168.1.80"/>
         <property name="sessionId" value="952542c0-f798-45d7-aadc-be0a2eed5673"/>
         <property name="seleniumVersion" value="3.7.1"/>
         <property name="proxyInformation" value="ProxyInformation{proxyOption=NO_PROXY, proxyServerType=HTTP, password=, proxyServerAddress=, proxyServerPort=0}"/>
         <property name="platform" value="Windows 10"/>
      </properties>
      <testcase name="Test Cases/Login/Login_TestCase" classname="Test Cases/Login/Login_TestCase" status="PASSED">
         <system-out><![CDATA[2018-06-26 21:19:37 - [TEST_CASE][PASSED] - Test Cases/Login/Login_TestCase: Test Cases/Login/Login_TestCase

2018-06-26 21:19:38 - [TEST_STEP][PASSED] - openBrowser: Browser is opened with url: ''

2018-06-26 21:19:42 - [MESSAGE][PASSED] - Browser is opened with url: ''

2018-06-26 21:19:42 - [TEST_STEP][PASSED] - navigateToUrl: Navigate to 'https://app.myhours.com/#/signin' successfully

2018-06-26 21:19:48 - [MESSAGE][PASSED] - Navigate to 'https://app.myhours.com/#/signin' successfully

2018-06-26 21:19:48 - [TEST_STEP][PASSED] - waitForElementVisible: Object 'Object Repository/Login_Object_Repository/input_email' is visible

2018-06-26 21:19:48 - [MESSAGE][PASSED] - Object 'Object Repository/Login_Object_Repository/input_email' is visible

2018-06-26 21:19:48 - [TEST_STEP][PASSED] - setText: Text 'zaheeeb@gmail.com' is set on object 'Object Repository/Login_Object_Repository/input_email'

2018-06-26 21:19:49 - [MESSAGE][PASSED] - Text 'zaheeeb@gmail.com' is set on object 'Object Repository/Login_Object_Repository/input_email'

2018-06-26 21:19:49 - [TEST_STEP][PASSED] - setText: Text 'test12345' is set on object 'Object Repository/Login_Object_Repository/input_password'

2018-06-26 21:19:49 - [MESSAGE][PASSED] - Text 'test12345' is set on object 'Object Repository/Login_Object_Repository/input_password'

2018-06-26 21:19:49 - [TEST_STEP][PASSED] - sendKeys: Keys 'ENTER + ' sent to object: 'Object Repository/Login_Object_Repository/input_password'

2018-06-26 21:19:49 - [MESSAGE][PASSED] - Keys 'ENTER + ' sent to object: 'Object Repository/Login_Object_Repository/input_password']]></system-out>
         <system-err><![CDATA[]]></system-err>
      </testcase>
      <testcase name="Test Cases/TrackActivity/NewActivity_TestCase" classname="Test Cases/TrackActivity/NewActivity_TestCase" status="PASSED">
         <system-out><![CDATA[2018-06-26 21:19:49 - [TEST_CASE][PASSED] - Test Cases/TrackActivity/NewActivity_TestCase: Test Cases/TrackActivity/NewActivity_TestCase

2018-06-26 21:19:50 - [TEST_STEP][PASSED] - click: Object: 'Object Repository/NewActivity_Object_Repository/i_caret pull-right' is clicked on

2018-06-26 21:19:52 - [MESSAGE][PASSED] - Object: 'Object Repository/NewActivity_Object_Repository/i_caret pull-right' is clicked on

2018-06-26 21:19:52 - [TEST_STEP][PASSED] - click: Object: 'Object Repository/NewActivity_Object_Repository/span_Project' is clicked on

2018-06-26 21:19:52 - [MESSAGE][PASSED] - Object: 'Object Repository/NewActivity_Object_Repository/span_Project' is clicked on

2018-06-26 21:19:52 - [TEST_STEP][PASSED] - click: Object: 'Object Repository/NewActivity_Object_Repository/i_caret pull-right_1' is clicked on

2018-06-26 21:19:53 - [MESSAGE][PASSED] - Object: 'Object Repository/NewActivity_Object_Repository/i_caret pull-right_1' is clicked on

2018-06-26 21:19:53 - [TEST_STEP][PASSED] - click: Object: 'Object Repository/NewActivity_Object_Repository/span_Meeting With Client' is clicked on

2018-06-26 21:19:53 - [MESSAGE][PASSED] - Object: 'Object Repository/NewActivity_Object_Repository/span_Meeting With Client' is clicked on

2018-06-26 21:19:53 - [TEST_STEP][NOT_RUN] - waitForElementPresent: NOT_RUN: waitForElementPresent

2018-06-26 21:19:53 - [MESSAGE][NOT_RUN] - NOT_RUN: waitForElementPresent

2018-06-26 21:19:53 - [TEST_STEP][PASSED] - click: Object: 'Object Repository/NewActivity_Object_Repository/input_form-control ng-pristine' is clicked on

2018-06-26 21:19:53 - [MESSAGE][PASSED] - Object: 'Object Repository/NewActivity_Object_Repository/input_form-control ng-pristine' is clicked on

2018-06-26 21:19:53 - [TEST_STEP][PASSED] - setText: Text '01:00' is set on object 'Object Repository/NewActivity_Object_Repository/input_form-control ng-pristine'

2018-06-26 21:19:53 - [MESSAGE][PASSED] - Text '01:00' is set on object 'Object Repository/NewActivity_Object_Repository/input_form-control ng-pristine'

2018-06-26 21:19:53 - [TEST_STEP][PASSED] - click: Object: 'Object Repository/NewActivity_Object_Repository/input_form-control ng-pristine' is clicked on

2018-06-26 21:19:54 - [MESSAGE][PASSED] - Object: 'Object Repository/NewActivity_Object_Repository/input_form-control ng-pristine' is clicked on

2018-06-26 21:19:54 - [TEST_STEP][PASSED] - setText: Text '02' is set on object 'Object Repository/NewActivity_Object_Repository/input_form-control ng-pristine'

2018-06-26 21:19:54 - [MESSAGE][PASSED] - Text '02' is set on object 'Object Repository/NewActivity_Object_Repository/input_form-control ng-pristine'

2018-06-26 21:19:54 - [TEST_STEP][PASSED] - setText: Text '10' is set on object 'Object Repository/NewActivity_Object_Repository/input_addCost'

2018-06-26 21:19:54 - [MESSAGE][PASSED] - Text '10' is set on object 'Object Repository/NewActivity_Object_Repository/input_addCost'

2018-06-26 21:19:54 - [TEST_STEP][PASSED] - doubleClick: Object: 'Object Repository/NewActivity_Object_Repository/textarea_form-control ng-untou' is double clicked on

2018-06-26 21:19:54 - [MESSAGE][PASSED] - Object: 'Object Repository/NewActivity_Object_Repository/textarea_form-control ng-untou' is double clicked on

2018-06-26 21:19:54 - [TEST_STEP][PASSED] - setText: Text 'description' is set on object 'Object Repository/NewActivity_Object_Repository/textarea_form-control ng-untou'

2018-06-26 21:19:55 - [MESSAGE][PASSED] - Text 'description' is set on object 'Object Repository/NewActivity_Object_Repository/textarea_form-control ng-untou'

2018-06-26 21:19:55 - [TEST_STEP][PASSED] - click: Object: 'Object Repository/NewActivity_Object_Repository/button_Submit' is clicked on

2018-06-26 21:19:55 - [MESSAGE][PASSED] - Object: 'Object Repository/NewActivity_Object_Repository/button_Submit' is clicked on]]></system-out>
         <system-err><![CDATA[]]></system-err>
      </testcase>
      <system-out><![CDATA[2018-06-26 21:19:37 - [TEST_SUITE][PASSED] - MyHours_TestSuite: Test Cases/TrackActivity/NewActivity_TestCase]]></system-out>
      <system-err><![CDATA[]]></system-err>
   </testsuite>
</testsuites>
