<?xml version="1.0" encoding="UTF-8"?>
<testsuites name="MyHours_TestSuite" time="23" tests="4" failures="0" errors="0">
   <testsuite name="MyHours_TestSuite" tests="4" failures="0" errors="0" time="23" timestamp="2018-06-27 20:47:44" hostname="Zahir - DESKTOP-DH2KCP9.lan" id="Test Suites/MyHours_TestSuite">
      <properties>
         <property name="deviceName" value=""/>
         <property name="devicePlatform" value=""/>
         <property name="logFolder" value="C:\\Users\\Zahir\\Katalon Studio\\MyHours_Assignment\\Reports\\MyHours_TestSuite\\20180627_204741"/>
         <property name="logFiles" value="C:\\Users\\Zahir\\Katalon Studio\\MyHours_Assignment\\Reports\\MyHours_TestSuite\\20180627_204741\\execution0.log"/>
         <property name="attachments" value=""/>
         <property name="hostName" value="Zahir - DESKTOP-DH2KCP9.lan"/>
         <property name="os" value="Windows 10 64bit"/>
         <property name="katalonVersion" value="5.3.0.1"/>
         <property name="browser" value="Firefox 60.0"/>
         <property name="hostAddress" value="192.168.1.80"/>
         <property name="sessionId" value="b37eb999-c548-46f5-a700-d39555263176"/>
         <property name="seleniumVersion" value="3.7.1"/>
         <property name="proxyInformation" value="ProxyInformation{proxyOption=NO_PROXY, proxyServerType=HTTP, password=, proxyServerAddress=, proxyServerPort=0}"/>
         <property name="platform" value="Windows 10"/>
      </properties>
      <testcase name="Test Cases/1.Login/Login_TestCase" classname="Test Cases/1.Login/Login_TestCase" status="PASSED">
         <system-out><![CDATA[2018-06-27 20:47:44 - [TEST_CASE][PASSED] - Test Cases/1.Login/Login_TestCase: Test Cases/1.Login/Login_TestCase

2018-06-27 20:47:45 - [TEST_STEP][PASSED] - openBrowser: Browser is opened with url: ''

2018-06-27 20:47:51 - [MESSAGE][PASSED] - Browser is opened with url: ''

2018-06-27 20:47:51 - [TEST_STEP][PASSED] - navigateToUrl: Navigate to 'https://app.myhours.com/#/signin' successfully

2018-06-27 20:47:55 - [MESSAGE][PASSED] - Navigate to 'https://app.myhours.com/#/signin' successfully

2018-06-27 20:47:55 - [TEST_STEP][PASSED] - waitForElementVisible: Object 'Object Repository/1.Login_Object_Repository/input_email' is visible

2018-06-27 20:47:55 - [MESSAGE][PASSED] - Object 'Object Repository/1.Login_Object_Repository/input_email' is visible

2018-06-27 20:47:55 - [TEST_STEP][PASSED] - setText: Text 'zaheeeb@gmail.com' is set on object 'Object Repository/1.Login_Object_Repository/input_email'

2018-06-27 20:47:55 - [MESSAGE][PASSED] - Text 'zaheeeb@gmail.com' is set on object 'Object Repository/1.Login_Object_Repository/input_email'

2018-06-27 20:47:55 - [TEST_STEP][PASSED] - setText: Text 'test12345' is set on object 'Object Repository/1.Login_Object_Repository/input_password'

2018-06-27 20:47:55 - [MESSAGE][PASSED] - Text 'test12345' is set on object 'Object Repository/1.Login_Object_Repository/input_password'

2018-06-27 20:47:55 - [TEST_STEP][PASSED] - sendKeys: Keys 'ENTER + ' sent to object: 'Object Repository/1.Login_Object_Repository/input_password'

2018-06-27 20:47:55 - [MESSAGE][PASSED] - Keys 'ENTER + ' sent to object: 'Object Repository/1.Login_Object_Repository/input_password']]></system-out>
         <system-err><![CDATA[]]></system-err>
      </testcase>
      <testcase name="Test Cases/2.TrackActivity/NewActivity_TestCase" classname="Test Cases/2.TrackActivity/NewActivity_TestCase" status="PASSED">
         <system-out><![CDATA[2018-06-27 20:47:55 - [TEST_CASE][PASSED] - Test Cases/2.TrackActivity/NewActivity_TestCase: Test Cases/2.TrackActivity/NewActivity_TestCase

2018-06-27 20:47:57 - [TEST_STEP][PASSED] - click: Object: 'Object Repository/2.NewActivity_Object_Repository/i_caret pull-right' is clicked on

2018-06-27 20:47:58 - [MESSAGE][PASSED] - Object: 'Object Repository/2.NewActivity_Object_Repository/i_caret pull-right' is clicked on

2018-06-27 20:47:58 - [TEST_STEP][PASSED] - click: Object: 'Object Repository/2.NewActivity_Object_Repository/span_Project' is clicked on

2018-06-27 20:47:59 - [MESSAGE][PASSED] - Object: 'Object Repository/2.NewActivity_Object_Repository/span_Project' is clicked on

2018-06-27 20:47:59 - [TEST_STEP][PASSED] - click: Object: 'Object Repository/2.NewActivity_Object_Repository/i_caret pull-right_1' is clicked on

2018-06-27 20:48:00 - [MESSAGE][PASSED] - Object: 'Object Repository/2.NewActivity_Object_Repository/i_caret pull-right_1' is clicked on

2018-06-27 20:48:00 - [TEST_STEP][PASSED] - click: Object: 'Object Repository/2.NewActivity_Object_Repository/span_Meeting With Client' is clicked on

2018-06-27 20:48:00 - [MESSAGE][PASSED] - Object: 'Object Repository/2.NewActivity_Object_Repository/span_Meeting With Client' is clicked on

2018-06-27 20:48:00 - [TEST_STEP][PASSED] - click: Object: 'Object Repository/2.NewActivity_Object_Repository/input_form-control ng-pristine' is clicked on

2018-06-27 20:48:00 - [MESSAGE][PASSED] - Object: 'Object Repository/2.NewActivity_Object_Repository/input_form-control ng-pristine' is clicked on

2018-06-27 20:48:00 - [TEST_STEP][PASSED] - setText: Text '01:00' is set on object 'Object Repository/2.NewActivity_Object_Repository/input_form-control ng-pristine'

2018-06-27 20:48:00 - [MESSAGE][PASSED] - Text '01:00' is set on object 'Object Repository/2.NewActivity_Object_Repository/input_form-control ng-pristine'

2018-06-27 20:48:00 - [TEST_STEP][PASSED] - sendKeys: Keys 'TAB + ' sent to object: 'Object Repository/2.NewActivity_Object_Repository/input_form-control ng-pristine'

2018-06-27 20:48:00 - [MESSAGE][PASSED] - Keys 'TAB + ' sent to object: 'Object Repository/2.NewActivity_Object_Repository/input_form-control ng-pristine'

2018-06-27 20:48:00 - [TEST_STEP][PASSED] - click: Object: 'Object Repository/2.NewActivity_Object_Repository/input_form-control ng-pristine' is clicked on

2018-06-27 20:48:01 - [MESSAGE][PASSED] - Object: 'Object Repository/2.NewActivity_Object_Repository/input_form-control ng-pristine' is clicked on

2018-06-27 20:48:01 - [TEST_STEP][PASSED] - setText: Text '02' is set on object 'Object Repository/2.NewActivity_Object_Repository/input_form-control ng-pristine'

2018-06-27 20:48:01 - [MESSAGE][PASSED] - Text '02' is set on object 'Object Repository/2.NewActivity_Object_Repository/input_form-control ng-pristine'

2018-06-27 20:48:01 - [TEST_STEP][PASSED] - setText: Text '10' is set on object 'Object Repository/2.NewActivity_Object_Repository/input_addCost'

2018-06-27 20:48:01 - [MESSAGE][PASSED] - Text '10' is set on object 'Object Repository/2.NewActivity_Object_Repository/input_addCost'

2018-06-27 20:48:01 - [TEST_STEP][PASSED] - doubleClick: Object: 'Object Repository/2.NewActivity_Object_Repository/textarea_form-control ng-untou' is double clicked on

2018-06-27 20:48:01 - [MESSAGE][PASSED] - Object: 'Object Repository/2.NewActivity_Object_Repository/textarea_form-control ng-untou' is double clicked on

2018-06-27 20:48:01 - [TEST_STEP][PASSED] - setText: Text 'description' is set on object 'Object Repository/2.NewActivity_Object_Repository/textarea_form-control ng-untou'

2018-06-27 20:48:02 - [MESSAGE][PASSED] - Text 'description' is set on object 'Object Repository/2.NewActivity_Object_Repository/textarea_form-control ng-untou'

2018-06-27 20:48:02 - [TEST_STEP][PASSED] - Statement - attribute = com.kms.katalon.core.webui.keyword.WebUiBuiltInKeywords.getAttribute(com.kms.katalon.core.testobject.ObjectRepository.findTestObject(2.NewActivity_Object_Repository/textarea_form-control ng-untou), "value"): Attribute 'value' of object 'Object Repository/2.NewActivity_Object_Repository/textarea_form-control ng-untou' is: 'description'

2018-06-27 20:48:02 - [MESSAGE][PASSED] - Attribute 'value' of object 'Object Repository/2.NewActivity_Object_Repository/textarea_form-control ng-untou' is: 'description'

2018-06-27 20:48:02 - [TEST_STEP][PASSED] - Statement - assert attribute == "description": null

2018-06-27 20:48:02 - [TEST_STEP][PASSED] - click: Object: 'Object Repository/2.NewActivity_Object_Repository/button_Submit' is clicked on

2018-06-27 20:48:02 - [MESSAGE][PASSED] - Object: 'Object Repository/2.NewActivity_Object_Repository/button_Submit' is clicked on]]></system-out>
         <system-err><![CDATA[]]></system-err>
      </testcase>
      <testcase name="Test Cases/3.Create_Invoice/CreateInvoice_TestCase" classname="Test Cases/3.Create_Invoice/CreateInvoice_TestCase" status="PASSED">
         <system-out><![CDATA[2018-06-27 20:48:02 - [TEST_CASE][PASSED] - Test Cases/3.Create_Invoice/CreateInvoice_TestCase: Test Cases/3.Create_Invoice/CreateInvoice_TestCase

2018-06-27 20:48:02 - [TEST_STEP][PASSED] - click: Object: 'Object Repository/3.CreateInvoice_Object_Repository/a_Manage' is clicked on

2018-06-27 20:48:03 - [MESSAGE][PASSED] - Object: 'Object Repository/3.CreateInvoice_Object_Repository/a_Manage' is clicked on

2018-06-27 20:48:03 - [TEST_STEP][PASSED] - click: Object: 'Object Repository/3.CreateInvoice_Object_Repository/a_Invoices' is clicked on

2018-06-27 20:48:03 - [MESSAGE][PASSED] - Object: 'Object Repository/3.CreateInvoice_Object_Repository/a_Invoices' is clicked on

2018-06-27 20:48:03 - [TEST_STEP][PASSED] - click: Object: 'Object Repository/3.CreateInvoice_Object_Repository/a_Create New Invoice' is clicked on

2018-06-27 20:48:03 - [MESSAGE][PASSED] - Object: 'Object Repository/3.CreateInvoice_Object_Repository/a_Create New Invoice' is clicked on

2018-06-27 20:48:03 - [TEST_STEP][PASSED] - click: Object: 'Object Repository/3.CreateInvoice_Object_Repository/input_ng-pristine ng-untouched' is clicked on

2018-06-27 20:48:04 - [MESSAGE][PASSED] - Object: 'Object Repository/3.CreateInvoice_Object_Repository/input_ng-pristine ng-untouched' is clicked on

2018-06-27 20:48:04 - [TEST_STEP][PASSED] - click: Object: 'Object Repository/3.CreateInvoice_Object_Repository/button_Invoice selected' is clicked on

2018-06-27 20:48:05 - [MESSAGE][PASSED] - Object: 'Object Repository/3.CreateInvoice_Object_Repository/button_Invoice selected' is clicked on

2018-06-27 20:48:05 - [TEST_STEP][PASSED] - setText: Text 'GST' is set on object 'Object Repository/3.CreateInvoice_Object_Repository/input_tax-name'

2018-06-27 20:48:05 - [MESSAGE][PASSED] - Text 'GST' is set on object 'Object Repository/3.CreateInvoice_Object_Repository/input_tax-name'

2018-06-27 20:48:05 - [TEST_STEP][PASSED] - setText: Text '14' is set on object 'Object Repository/3.CreateInvoice_Object_Repository/input_tax-value'

2018-06-27 20:48:05 - [MESSAGE][PASSED] - Text '14' is set on object 'Object Repository/3.CreateInvoice_Object_Repository/input_tax-value'

2018-06-27 20:48:05 - [TEST_STEP][PASSED] - setText: Text 'invoice text' is set on object 'Object Repository/3.CreateInvoice_Object_Repository/textarea_invoice-text'

2018-06-27 20:48:06 - [MESSAGE][PASSED] - Text 'invoice text' is set on object 'Object Repository/3.CreateInvoice_Object_Repository/textarea_invoice-text'

2018-06-27 20:48:06 - [TEST_STEP][PASSED] - setText: Text 'note not show on invoice.' is set on object 'Object Repository/3.CreateInvoice_Object_Repository/textarea_invoice-note'

2018-06-27 20:48:06 - [MESSAGE][PASSED] - Text 'note not show on invoice.' is set on object 'Object Repository/3.CreateInvoice_Object_Repository/textarea_invoice-note'

2018-06-27 20:48:06 - [TEST_STEP][PASSED] - click: Object: 'Object Repository/3.CreateInvoice_Object_Repository/button_Create' is clicked on

2018-06-27 20:48:07 - [MESSAGE][PASSED] - Object: 'Object Repository/3.CreateInvoice_Object_Repository/button_Create' is clicked on]]></system-out>
         <system-err><![CDATA[]]></system-err>
      </testcase>
      <testcase name="Test Cases/4.Logout/Logout_TestCase" classname="Test Cases/4.Logout/Logout_TestCase" status="PASSED">
         <system-out><![CDATA[2018-06-27 20:48:07 - [TEST_CASE][PASSED] - Test Cases/4.Logout/Logout_TestCase: Test Cases/4.Logout/Logout_TestCase

2018-06-27 20:48:07 - [TEST_STEP][PASSED] - click: Object: 'Object Repository/4.Logout_Object_Repository/a_Zahir Babur' is clicked on

2018-06-27 20:48:07 - [MESSAGE][PASSED] - Object: 'Object Repository/4.Logout_Object_Repository/a_Zahir Babur' is clicked on

2018-06-27 20:48:07 - [TEST_STEP][PASSED] - click: Object: 'Object Repository/4.Logout_Object_Repository/a_Sign out' is clicked on

2018-06-27 20:48:08 - [MESSAGE][PASSED] - Object: 'Object Repository/4.Logout_Object_Repository/a_Sign out' is clicked on]]></system-out>
         <system-err><![CDATA[]]></system-err>
      </testcase>
      <system-out><![CDATA[2018-06-27 20:47:44 - [TEST_SUITE][PASSED] - MyHours_TestSuite: Test Cases/4.Logout/Logout_TestCase]]></system-out>
      <system-err><![CDATA[]]></system-err>
   </testsuite>
</testsuites>
