<?xml version="1.0" encoding="UTF-8"?>
<testsuites name="MyHours_TestSuite" time="49" tests="1" failures="1" errors="0">
   <testsuite name="MyHours_TestSuite" tests="1" failures="1" errors="0" time="49" timestamp="2018-06-26 20:46:24" hostname="Zahir - DESKTOP-DH2KCP9.lan" id="Test Suites/MyHours_TestSuite">
      <properties>
         <property name="deviceName" value=""/>
         <property name="devicePlatform" value=""/>
         <property name="logFolder" value="C:\\Users\\Zahir\\Katalon Studio\\MyHours_Assignment\\Reports\\MyHours_TestSuite\\20180626_204621"/>
         <property name="logFiles" value="C:\\Users\\Zahir\\Katalon Studio\\MyHours_Assignment\\Reports\\MyHours_TestSuite\\20180626_204621\\execution0.log"/>
         <property name="attachments" value="C:\\Users\\Zahir\\Katalon Studio\\MyHours_Assignment\\Reports\\MyHours_TestSuite\\20180626_204621\\1530035233559.png"/>
         <property name="hostName" value="Zahir - DESKTOP-DH2KCP9.lan"/>
         <property name="os" value="Windows 10 64bit"/>
         <property name="katalonVersion" value="5.3.0.1"/>
         <property name="browser" value="Firefox 60.0"/>
         <property name="hostAddress" value="192.168.1.80"/>
         <property name="sessionId" value="74e51049-6dfa-49ea-8782-c0b2c203fe00"/>
         <property name="seleniumVersion" value="3.7.1"/>
         <property name="proxyInformation" value="ProxyInformation{proxyOption=NO_PROXY, proxyServerType=HTTP, password=, proxyServerAddress=, proxyServerPort=0}"/>
         <property name="platform" value="Windows 10"/>
      </properties>
      <testcase name="Test Cases/Login/Login_TestCase" classname="Test Cases/Login/Login_TestCase" status="PASSED">
         <system-out><![CDATA[2018-06-26 20:46:24 - [TEST_CASE][PASSED] - Test Cases/Login/Login_TestCase: Test Cases/Login/Login_TestCase

2018-06-26 20:46:25 - [TEST_STEP][PASSED] - openBrowser: Browser is opened with url: ''

2018-06-26 20:46:30 - [MESSAGE][PASSED] - Browser is opened with url: ''

2018-06-26 20:46:30 - [TEST_STEP][PASSED] - navigateToUrl: Navigate to 'https://app.myhours.com/#/signin' successfully

2018-06-26 20:46:34 - [MESSAGE][PASSED] - Navigate to 'https://app.myhours.com/#/signin' successfully

2018-06-26 20:46:34 - [TEST_STEP][PASSED] - waitForElementVisible: Object 'Object Repository/Login_Object_Repository/input_email' is visible

2018-06-26 20:46:34 - [MESSAGE][PASSED] - Object 'Object Repository/Login_Object_Repository/input_email' is visible

2018-06-26 20:46:34 - [TEST_STEP][PASSED] - setText: Text 'zaheeeb@gmail.com' is set on object 'Object Repository/Login_Object_Repository/input_email'

2018-06-26 20:46:34 - [MESSAGE][PASSED] - Text 'zaheeeb@gmail.com' is set on object 'Object Repository/Login_Object_Repository/input_email'

2018-06-26 20:46:34 - [TEST_STEP][PASSED] - setText: Text 'test12345' is set on object 'Object Repository/Login_Object_Repository/input_password'

2018-06-26 20:46:34 - [MESSAGE][PASSED] - Text 'test12345' is set on object 'Object Repository/Login_Object_Repository/input_password'

2018-06-26 20:46:34 - [TEST_STEP][PASSED] - sendKeys: Keys 'ENTER + ' sent to object: 'Object Repository/Login_Object_Repository/input_password'

2018-06-26 20:46:35 - [MESSAGE][PASSED] - Keys 'ENTER + ' sent to object: 'Object Repository/Login_Object_Repository/input_password'

2018-06-26 20:46:35 - [TEST_STEP][NOT_RUN] - callTestCase: NOT_RUN: callTestCase

2018-06-26 20:46:35 - [MESSAGE][NOT_RUN] - NOT_RUN: callTestCase]]></system-out>
         <system-err><![CDATA[]]></system-err>
      </testcase>
      <testcase name="Test Cases/TrackActivity/NewActivity_TestCase" classname="Test Cases/TrackActivity/NewActivity_TestCase" status="FAILED">
         <failure type="FAILED" message="Unable to set text 'description' of object 'Object Repository/NewActivity_Object_Repository/textarea_form-control ng-untou' (Root cause: com.kms.katalon.core.webui.exception.WebElementNotFoundException: Web element with id: 'Object Repository/NewActivity_Object_Repository/textarea_form-control ng-untou' located by 'By.xpath: //textarea[@class = 'form-control ng-untouched ng-valid ng-dirty ng-valid-parse']' not found)"/>
         <system-out><![CDATA[2018-06-26 20:46:35 - [TEST_CASE][FAILED] - Test Cases/TrackActivity/NewActivity_TestCase: Test Cases/TrackActivity/NewActivity_TestCase FAILED because (of) Unable to set text 'description' of object 'Object Repository/NewActivity_Object_Repository/textarea_form-control ng-untou' (Root cause: com.kms.katalon.core.webui.exception.WebElementNotFoundException: Web element with id: 'Object Repository/NewActivity_Object_Repository/textarea_form-control ng-untou' located by 'By.xpath: //textarea[@class = 'form-control ng-untouched ng-valid ng-dirty ng-valid-parse']' not found)

2018-06-26 20:46:35 - [TEST_STEP][PASSED] - click: Object: 'Object Repository/NewActivity_Object_Repository/i_caret pull-right' is clicked on

2018-06-26 20:46:38 - [MESSAGE][PASSED] - Object: 'Object Repository/NewActivity_Object_Repository/i_caret pull-right' is clicked on

2018-06-26 20:46:38 - [TEST_STEP][PASSED] - click: Object: 'Object Repository/NewActivity_Object_Repository/span_Project' is clicked on

2018-06-26 20:46:40 - [MESSAGE][PASSED] - Object: 'Object Repository/NewActivity_Object_Repository/span_Project' is clicked on

2018-06-26 20:46:40 - [TEST_STEP][PASSED] - click: Object: 'Object Repository/NewActivity_Object_Repository/i_caret pull-right_1' is clicked on

2018-06-26 20:46:40 - [MESSAGE][PASSED] - Object: 'Object Repository/NewActivity_Object_Repository/i_caret pull-right_1' is clicked on

2018-06-26 20:46:40 - [TEST_STEP][PASSED] - click: Object: 'Object Repository/NewActivity_Object_Repository/span_Meeting With Client' is clicked on

2018-06-26 20:46:41 - [MESSAGE][PASSED] - Object: 'Object Repository/NewActivity_Object_Repository/span_Meeting With Client' is clicked on

2018-06-26 20:46:41 - [TEST_STEP][PASSED] - waitForElementPresent: Object 'Object Repository/NewActivity_Object_Repository/input_form-control ng-pristine' is present

2018-06-26 20:46:41 - [MESSAGE][PASSED] - Object 'Object Repository/NewActivity_Object_Repository/input_form-control ng-pristine' is present

2018-06-26 20:46:41 - [TEST_STEP][PASSED] - setText: Text '01' is set on object 'Object Repository/NewActivity_Object_Repository/input_form-control ng-pristine'

2018-06-26 20:46:41 - [MESSAGE][PASSED] - Text '01' is set on object 'Object Repository/NewActivity_Object_Repository/input_form-control ng-pristine'

2018-06-26 20:46:41 - [TEST_STEP][PASSED] - doubleClick: Object: 'Object Repository/NewActivity_Object_Repository/input_form-control ng-pristine' is double clicked on

2018-06-26 20:46:42 - [MESSAGE][PASSED] - Object: 'Object Repository/NewActivity_Object_Repository/input_form-control ng-pristine' is double clicked on

2018-06-26 20:46:42 - [TEST_STEP][PASSED] - setText: Text '02' is set on object 'Object Repository/NewActivity_Object_Repository/input_form-control ng-pristine'

2018-06-26 20:46:42 - [MESSAGE][PASSED] - Text '02' is set on object 'Object Repository/NewActivity_Object_Repository/input_form-control ng-pristine'

2018-06-26 20:46:42 - [TEST_STEP][PASSED] - setText: Text '10' is set on object 'Object Repository/NewActivity_Object_Repository/input_addCost'

2018-06-26 20:46:42 - [MESSAGE][PASSED] - Text '10' is set on object 'Object Repository/NewActivity_Object_Repository/input_addCost'

2018-06-26 20:46:42 - [TEST_STEP][FAILED] - setText: Unable to set text 'description' of object 'Object Repository/NewActivity_Object_Repository/textarea_form-control ng-untou' (Root cause: com.kms.katalon.core.webui.exception.WebElementNotFoundException: Web element with id: 'Object Repository/NewActivity_Object_Repository/textarea_form-control ng-untou' located by 'By.xpath: //textarea[@class = 'form-control ng-untouched ng-valid ng-dirty ng-valid-parse']' not found)

2018-06-26 20:47:13 - [MESSAGE][FAILED] - Unable to set text 'description' of object 'Object Repository/NewActivity_Object_Repository/textarea_form-control ng-untou' (Root cause: com.kms.katalon.core.webui.exception.WebElementNotFoundException: Web element with id: 'Object Repository/NewActivity_Object_Repository/textarea_form-control ng-untou' located by 'By.xpath: //textarea[@class = 'form-control ng-untouched ng-valid ng-dirty ng-valid-parse']' not found)
[[ATTACHMENT|C:\\Users\\Zahir\\Katalon Studio\\MyHours_Assignment\\Reports\\MyHours_TestSuite\\20180626_204621\\1530035233559.png]]]]></system-out>
         <system-err><![CDATA[2018-06-26 20:46:35 - [TEST_CASE][FAILED] - Test Cases/TrackActivity/NewActivity_TestCase: Test Cases/TrackActivity/NewActivity_TestCase FAILED because (of) Unable to set text 'description' of object 'Object Repository/NewActivity_Object_Repository/textarea_form-control ng-untou' (Root cause: com.kms.katalon.core.webui.exception.WebElementNotFoundException: Web element with id: 'Object Repository/NewActivity_Object_Repository/textarea_form-control ng-untou' located by 'By.xpath: //textarea[@class = 'form-control ng-untouched ng-valid ng-dirty ng-valid-parse']' not found)]]></system-err>
      </testcase>
      <system-out><![CDATA[2018-06-26 20:46:24 - [TEST_SUITE][FAILED] - MyHours_TestSuite: Test Cases/TrackActivity/NewActivity_TestCase FAILED because (of) Unable to set text 'description' of object 'Object Repository/NewActivity_Object_Repository/textarea_form-control ng-untou' (Root cause: com.kms.katalon.core.webui.exception.WebElementNotFoundException: Web element with id: 'Object Repository/NewActivity_Object_Repository/textarea_form-control ng-untou' located by 'By.xpath: //textarea[@class = 'form-control ng-untouched ng-valid ng-dirty ng-valid-parse']' not found)]]></system-out>
      <system-err><![CDATA[2018-06-26 20:46:24 - [TEST_SUITE][FAILED] - MyHours_TestSuite: Test Cases/TrackActivity/NewActivity_TestCase FAILED because (of) Unable to set text 'description' of object 'Object Repository/NewActivity_Object_Repository/textarea_form-control ng-untou' (Root cause: com.kms.katalon.core.webui.exception.WebElementNotFoundException: Web element with id: 'Object Repository/NewActivity_Object_Repository/textarea_form-control ng-untou' located by 'By.xpath: //textarea[@class = 'form-control ng-untouched ng-valid ng-dirty ng-valid-parse']' not found)]]></system-err>
   </testsuite>
</testsuites>
