<?xml version="1.0" encoding="UTF-8"?>
<testsuites name="MyHours_TestSuite" time="28" tests="1" failures="1" errors="0">
   <testsuite name="MyHours_TestSuite" tests="1" failures="1" errors="0" time="28" timestamp="2018-06-26 21:07:31" hostname="Zahir - DESKTOP-DH2KCP9.lan" id="Test Suites/MyHours_TestSuite">
      <properties>
         <property name="deviceName" value=""/>
         <property name="devicePlatform" value=""/>
         <property name="logFolder" value="C:\\Users\\Zahir\\Katalon Studio\\MyHours_Assignment\\Reports\\MyHours_TestSuite\\20180626_210729"/>
         <property name="logFiles" value="C:\\Users\\Zahir\\Katalon Studio\\MyHours_Assignment\\Reports\\MyHours_TestSuite\\20180626_210729\\execution0.log"/>
         <property name="attachments" value=""/>
         <property name="hostName" value="Zahir - DESKTOP-DH2KCP9.lan"/>
         <property name="os" value="Windows 10 64bit"/>
         <property name="katalonVersion" value="5.3.0.1"/>
         <property name="browser" value="Firefox 60.0"/>
         <property name="hostAddress" value="192.168.1.80"/>
         <property name="sessionId" value="2915d492-b9f4-4ae3-91c2-89826d0fd166"/>
         <property name="seleniumVersion" value="3.7.1"/>
         <property name="proxyInformation" value="ProxyInformation{proxyOption=NO_PROXY, proxyServerType=HTTP, password=, proxyServerAddress=, proxyServerPort=0}"/>
         <property name="platform" value="Windows 10"/>
      </properties>
      <testcase name="Test Cases/Login/Login_TestCase" classname="Test Cases/Login/Login_TestCase" status="PASSED">
         <system-out><![CDATA[2018-06-26 21:07:32 - [TEST_CASE][PASSED] - Test Cases/Login/Login_TestCase: Test Cases/Login/Login_TestCase

2018-06-26 21:07:33 - [TEST_STEP][PASSED] - openBrowser: Browser is opened with url: ''

2018-06-26 21:07:38 - [MESSAGE][PASSED] - Browser is opened with url: ''

2018-06-26 21:07:38 - [TEST_STEP][PASSED] - navigateToUrl: Navigate to 'https://app.myhours.com/#/signin' successfully

2018-06-26 21:07:41 - [MESSAGE][PASSED] - Navigate to 'https://app.myhours.com/#/signin' successfully

2018-06-26 21:07:41 - [TEST_STEP][PASSED] - waitForElementVisible: Object 'Object Repository/Login_Object_Repository/input_email' is visible

2018-06-26 21:07:42 - [MESSAGE][PASSED] - Object 'Object Repository/Login_Object_Repository/input_email' is visible

2018-06-26 21:07:42 - [TEST_STEP][PASSED] - setText: Text 'zaheeeb@gmail.com' is set on object 'Object Repository/Login_Object_Repository/input_email'

2018-06-26 21:07:42 - [MESSAGE][PASSED] - Text 'zaheeeb@gmail.com' is set on object 'Object Repository/Login_Object_Repository/input_email'

2018-06-26 21:07:42 - [TEST_STEP][PASSED] - setText: Text 'test12345' is set on object 'Object Repository/Login_Object_Repository/input_password'

2018-06-26 21:07:42 - [MESSAGE][PASSED] - Text 'test12345' is set on object 'Object Repository/Login_Object_Repository/input_password'

2018-06-26 21:07:42 - [TEST_STEP][PASSED] - sendKeys: Keys 'ENTER + ' sent to object: 'Object Repository/Login_Object_Repository/input_password'

2018-06-26 21:07:42 - [MESSAGE][PASSED] - Keys 'ENTER + ' sent to object: 'Object Repository/Login_Object_Repository/input_password']]></system-out>
         <system-err><![CDATA[]]></system-err>
      </testcase>
      <testcase name="Test Cases/TrackActivity/NewActivity_TestCase" classname="Test Cases/TrackActivity/NewActivity_TestCase" status="FAILED">
         <failure type="FAILED" message="Unable to double click on object 'Object Repository/NewActivity_Object_Repository/textarea_form-control ng-untou' (Root cause: org.openqa.selenium.NoSuchWindowException: Browsing context has been discarded
Build info: version: '3.7.1', revision: '8a0099a', time: '2017-11-06T21:07:36.161Z'
System info: host: 'DESKTOP-DH2KCP9', ip: '192.168.1.80', os.name: 'Windows 10', os.arch: 'amd64', os.version: '10.0', java.version: '1.8.0_102'
Driver info: com.kms.katalon.core.webui.driver.firefox.CGeckoDriver
Capabilities {acceptInsecureCerts: true, browserName: firefox, browserVersion: 60.0.2, javascriptEnabled: true, moz:accessibilityChecks: false, moz:headless: false, moz:processID: 256, moz:profile: C:\Users\Zahir\AppData\Loca..., moz:useNonSpecCompliantPointerOrigin: false, moz:webdriverClick: true, pageLoadStrategy: normal, platform: XP, platformName: XP, platformVersion: 10.0, proxy: Proxy(direct), rotatable: false, timeouts: {implicit: 0, pageLoad: 300000, script: 30000}}
Session ID: 2915d492-b9f4-4ae3-91c2-89826d0fd166
*** Element info: {Using=xpath, value=//*[@class = 'form-control ng-untouched ng-valid ng-dirty ng-valid-parse']})"/>
         <system-out><![CDATA[2018-06-26 21:07:42 - [TEST_CASE][FAILED] - Test Cases/TrackActivity/NewActivity_TestCase: Test Cases/TrackActivity/NewActivity_TestCase FAILED because (of) Unable to double click on object 'Object Repository/NewActivity_Object_Repository/textarea_form-control ng-untou' (Root cause: org.openqa.selenium.NoSuchWindowException: Browsing context has been discarded
Build info: version: '3.7.1', revision: '8a0099a', time: '2017-11-06T21:07:36.161Z'
System info: host: 'DESKTOP-DH2KCP9', ip: '192.168.1.80', os.name: 'Windows 10', os.arch: 'amd64', os.version: '10.0', java.version: '1.8.0_102'
Driver info: com.kms.katalon.core.webui.driver.firefox.CGeckoDriver
Capabilities {acceptInsecureCerts: true, browserName: firefox, browserVersion: 60.0.2, javascriptEnabled: true, moz:accessibilityChecks: false, moz:headless: false, moz:processID: 256, moz:profile: C:\Users\Zahir\AppData\Loca..., moz:useNonSpecCompliantPointerOrigin: false, moz:webdriverClick: true, pageLoadStrategy: normal, platform: XP, platformName: XP, platformVersion: 10.0, proxy: Proxy(direct), rotatable: false, timeouts: {implicit: 0, pageLoad: 300000, script: 30000}}
Session ID: 2915d492-b9f4-4ae3-91c2-89826d0fd166
*** Element info: {Using=xpath, value=//*[@class = 'form-control ng-untouched ng-valid ng-dirty ng-valid-parse']})

2018-06-26 21:07:43 - [TEST_STEP][PASSED] - click: Object: 'Object Repository/NewActivity_Object_Repository/i_caret pull-right' is clicked on

2018-06-26 21:07:45 - [MESSAGE][PASSED] - Object: 'Object Repository/NewActivity_Object_Repository/i_caret pull-right' is clicked on

2018-06-26 21:07:45 - [TEST_STEP][PASSED] - click: Object: 'Object Repository/NewActivity_Object_Repository/span_Project' is clicked on

2018-06-26 21:07:45 - [MESSAGE][PASSED] - Object: 'Object Repository/NewActivity_Object_Repository/span_Project' is clicked on

2018-06-26 21:07:45 - [TEST_STEP][PASSED] - click: Object: 'Object Repository/NewActivity_Object_Repository/i_caret pull-right_1' is clicked on

2018-06-26 21:07:46 - [MESSAGE][PASSED] - Object: 'Object Repository/NewActivity_Object_Repository/i_caret pull-right_1' is clicked on

2018-06-26 21:07:46 - [TEST_STEP][PASSED] - click: Object: 'Object Repository/NewActivity_Object_Repository/span_Meeting With Client' is clicked on

2018-06-26 21:07:46 - [MESSAGE][PASSED] - Object: 'Object Repository/NewActivity_Object_Repository/span_Meeting With Client' is clicked on

2018-06-26 21:07:46 - [TEST_STEP][PASSED] - waitForElementPresent: Object 'Object Repository/NewActivity_Object_Repository/input_form-control ng-pristine' is present

2018-06-26 21:07:46 - [MESSAGE][PASSED] - Object 'Object Repository/NewActivity_Object_Repository/input_form-control ng-pristine' is present

2018-06-26 21:07:46 - [TEST_STEP][PASSED] - doubleClick: Object: 'Object Repository/NewActivity_Object_Repository/input_form-control ng-pristine' is double clicked on

2018-06-26 21:07:47 - [MESSAGE][PASSED] - Object: 'Object Repository/NewActivity_Object_Repository/input_form-control ng-pristine' is double clicked on

2018-06-26 21:07:47 - [TEST_STEP][PASSED] - setText: Text '01:00' is set on object 'Object Repository/NewActivity_Object_Repository/input_form-control ng-pristine'

2018-06-26 21:07:47 - [MESSAGE][PASSED] - Text '01:00' is set on object 'Object Repository/NewActivity_Object_Repository/input_form-control ng-pristine'

2018-06-26 21:07:47 - [TEST_STEP][PASSED] - doubleClick: Object: 'Object Repository/NewActivity_Object_Repository/input_form-control ng-pristine' is double clicked on

2018-06-26 21:07:47 - [MESSAGE][PASSED] - Object: 'Object Repository/NewActivity_Object_Repository/input_form-control ng-pristine' is double clicked on

2018-06-26 21:07:47 - [TEST_STEP][PASSED] - setText: Text '02' is set on object 'Object Repository/NewActivity_Object_Repository/input_form-control ng-pristine'

2018-06-26 21:07:47 - [MESSAGE][PASSED] - Text '02' is set on object 'Object Repository/NewActivity_Object_Repository/input_form-control ng-pristine'

2018-06-26 21:07:47 - [TEST_STEP][PASSED] - setText: Text '10' is set on object 'Object Repository/NewActivity_Object_Repository/input_addCost'

2018-06-26 21:07:47 - [MESSAGE][PASSED] - Text '10' is set on object 'Object Repository/NewActivity_Object_Repository/input_addCost'

2018-06-26 21:07:47 - [TEST_STEP][FAILED] - doubleClick: Unable to double click on object 'Object Repository/NewActivity_Object_Repository/textarea_form-control ng-untou' (Root cause: org.openqa.selenium.NoSuchWindowException: Browsing context has been discarded
Build info: version: '3.7.1', revision: '8a0099a', time: '2017-11-06T21:07:36.161Z'
System info: host: 'DESKTOP-DH2KCP9', ip: '192.168.1.80', os.name: 'Windows 10', os.arch: 'amd64', os.version: '10.0', java.version: '1.8.0_102'
Driver info: com.kms.katalon.core.webui.driver.firefox.CGeckoDriver
Capabilities {acceptInsecureCerts: true, browserName: firefox, browserVersion: 60.0.2, javascriptEnabled: true, moz:accessibilityChecks: false, moz:headless: false, moz:processID: 256, moz:profile: C:\Users\Zahir\AppData\Loca..., moz:useNonSpecCompliantPointerOrigin: false, moz:webdriverClick: true, pageLoadStrategy: normal, platform: XP, platformName: XP, platformVersion: 10.0, proxy: Proxy(direct), rotatable: false, timeouts: {implicit: 0, pageLoad: 300000, script: 30000}}
Session ID: 2915d492-b9f4-4ae3-91c2-89826d0fd166
*** Element info: {Using=xpath, value=//*[@class = 'form-control ng-untouched ng-valid ng-dirty ng-valid-parse']})

2018-06-26 21:08:00 - [MESSAGE][WARNING] - Cannot take screenshot

2018-06-26 21:08:00 - [MESSAGE][FAILED] - Unable to double click on object 'Object Repository/NewActivity_Object_Repository/textarea_form-control ng-untou' (Root cause: org.openqa.selenium.NoSuchWindowException: Browsing context has been discarded
Build info: version: '3.7.1', revision: '8a0099a', time: '2017-11-06T21:07:36.161Z'
System info: host: 'DESKTOP-DH2KCP9', ip: '192.168.1.80', os.name: 'Windows 10', os.arch: 'amd64', os.version: '10.0', java.version: '1.8.0_102'
Driver info: com.kms.katalon.core.webui.driver.firefox.CGeckoDriver
Capabilities {acceptInsecureCerts: true, browserName: firefox, browserVersion: 60.0.2, javascriptEnabled: true, moz:accessibilityChecks: false, moz:headless: false, moz:processID: 256, moz:profile: C:\Users\Zahir\AppData\Loca..., moz:useNonSpecCompliantPointerOrigin: false, moz:webdriverClick: true, pageLoadStrategy: normal, platform: XP, platformName: XP, platformVersion: 10.0, proxy: Proxy(direct), rotatable: false, timeouts: {implicit: 0, pageLoad: 300000, script: 30000}}
Session ID: 2915d492-b9f4-4ae3-91c2-89826d0fd166
*** Element info: {Using=xpath, value=//*[@class = 'form-control ng-untouched ng-valid ng-dirty ng-valid-parse']})]]></system-out>
         <system-err><![CDATA[2018-06-26 21:07:42 - [TEST_CASE][FAILED] - Test Cases/TrackActivity/NewActivity_TestCase: Test Cases/TrackActivity/NewActivity_TestCase FAILED because (of) Unable to double click on object 'Object Repository/NewActivity_Object_Repository/textarea_form-control ng-untou' (Root cause: org.openqa.selenium.NoSuchWindowException: Browsing context has been discarded
Build info: version: '3.7.1', revision: '8a0099a', time: '2017-11-06T21:07:36.161Z'
System info: host: 'DESKTOP-DH2KCP9', ip: '192.168.1.80', os.name: 'Windows 10', os.arch: 'amd64', os.version: '10.0', java.version: '1.8.0_102'
Driver info: com.kms.katalon.core.webui.driver.firefox.CGeckoDriver
Capabilities {acceptInsecureCerts: true, browserName: firefox, browserVersion: 60.0.2, javascriptEnabled: true, moz:accessibilityChecks: false, moz:headless: false, moz:processID: 256, moz:profile: C:\Users\Zahir\AppData\Loca..., moz:useNonSpecCompliantPointerOrigin: false, moz:webdriverClick: true, pageLoadStrategy: normal, platform: XP, platformName: XP, platformVersion: 10.0, proxy: Proxy(direct), rotatable: false, timeouts: {implicit: 0, pageLoad: 300000, script: 30000}}
Session ID: 2915d492-b9f4-4ae3-91c2-89826d0fd166
*** Element info: {Using=xpath, value=//*[@class = 'form-control ng-untouched ng-valid ng-dirty ng-valid-parse']})]]></system-err>
      </testcase>
      <system-out><![CDATA[2018-06-26 21:07:31 - [TEST_SUITE][INCOMPLETE] - MyHours_TestSuite: null]]></system-out>
      <system-err><![CDATA[2018-06-26 21:07:31 - [TEST_SUITE][INCOMPLETE] - MyHours_TestSuite: null]]></system-err>
   </testsuite>
</testsuites>
