<?xml version="1.0" encoding="UTF-8"?>
<testsuites name="MyHours_TestSuite" time="88" tests="5" failures="1" errors="0">
   <testsuite name="MyHours_TestSuite" tests="5" failures="1" errors="0" time="88" timestamp="2018-07-01 19:01:57" hostname="Zahir - DESKTOP-DH2KCP9.lan" id="Test Suites/MyHours_TestSuite">
      <properties>
         <property name="deviceName" value=""/>
         <property name="devicePlatform" value=""/>
         <property name="logFolder" value="C:\\Users\\Zahir\\Katalon Studio\\MyHours_Assignment\\Reports\\MyHours_TestSuite\\20180701_190154"/>
         <property name="logFiles" value="C:\\Users\\Zahir\\Katalon Studio\\MyHours_Assignment\\Reports\\MyHours_TestSuite\\20180701_190154\\execution0.log"/>
         <property name="attachments" value="C:\\Users\\Zahir\\Katalon Studio\\MyHours_Assignment\\Reports\\MyHours_TestSuite\\20180701_190154\\1530461004221.png"/>
         <property name="hostName" value="Zahir - DESKTOP-DH2KCP9.lan"/>
         <property name="os" value="Windows 10 64bit"/>
         <property name="katalonVersion" value="5.3.0.1"/>
         <property name="browser" value="Firefox 61.0"/>
         <property name="hostAddress" value="192.168.1.80"/>
         <property name="sessionId" value="1f42ef6b-7fed-486d-83c3-c10cdbd2ca71"/>
         <property name="seleniumVersion" value="3.7.1"/>
         <property name="proxyInformation" value="ProxyInformation{proxyOption=NO_PROXY, proxyServerType=HTTP, password=, proxyServerAddress=, proxyServerPort=0}"/>
         <property name="platform" value="Windows 10"/>
      </properties>
      <testcase name="Test Cases/1.Login/Login_TestCase" classname="Test Cases/1.Login/Login_TestCase" status="PASSED">
         <system-out><![CDATA[2018-07-01 19:01:58 - [TEST_CASE][PASSED] - Test Cases/1.Login/Login_TestCase: Test Cases/1.Login/Login_TestCase

2018-07-01 19:01:58 - [TEST_STEP][PASSED] - Start setup action : setup: Method 'setup' complete successfully

2018-07-01 19:01:59 - [TEST_STEP][PASSED] - openBrowser: Browser is opened with url: 'https://app.myhours.com/#/signin'

2018-07-01 19:02:18 - [MESSAGE][PASSED] - Browser is opened with url: 'https://app.myhours.com/#/signin'

2018-07-01 19:02:18 - [MESSAGE][PASSED] - Method 'setup' complete successfully

2018-07-01 19:02:18 - [TEST_STEP][PASSED] - waitForElementVisible: Object 'Object Repository/1.Login_Object_Repository/input_email' is visible

2018-07-01 19:02:19 - [MESSAGE][PASSED] - Object 'Object Repository/1.Login_Object_Repository/input_email' is visible

2018-07-01 19:02:19 - [TEST_STEP][PASSED] - setText: Text 'zaheeeb@gmail.com' is set on object 'Object Repository/1.Login_Object_Repository/input_email'

2018-07-01 19:02:19 - [MESSAGE][PASSED] - Text 'zaheeeb@gmail.com' is set on object 'Object Repository/1.Login_Object_Repository/input_email'

2018-07-01 19:02:19 - [TEST_STEP][PASSED] - setText: Text 'test1234' is set on object 'Object Repository/1.Login_Object_Repository/input_password'

2018-07-01 19:02:19 - [MESSAGE][PASSED] - Text 'test1234' is set on object 'Object Repository/1.Login_Object_Repository/input_password'

2018-07-01 19:02:19 - [TEST_STEP][PASSED] - click: Object: 'Object Repository/1.Login_Object_Repository/button_Sign in' is clicked on

2018-07-01 19:02:20 - [MESSAGE][PASSED] - Object: 'Object Repository/1.Login_Object_Repository/button_Sign in' is clicked on

2018-07-01 19:02:20 - [TEST_STEP][PASSED] - Statement - switch (varLoginMessage.toString()): null

2018-07-01 19:02:20 - [TEST_STEP][PASSED] - Statement - case "wrong_password":: null

2018-07-01 19:02:20 - [TEST_STEP][PASSED] - Statement - errorMsg = com.kms.katalon.core.webui.keyword.WebUiBuiltInKeywords.getText(com.kms.katalon.core.testobject.ObjectRepository.findTestObject(1.Login_Object_Repository/div_There was a problem with a)): Text of object 'Object Repository/1.Login_Object_Repository/div_There was a problem with a' is: 'There was a problem with authenticating: Invalid username or password..'

2018-07-01 19:02:22 - [MESSAGE][PASSED] - Text of object 'Object Repository/1.Login_Object_Repository/div_There was a problem with a' is: 'There was a problem with authenticating: Invalid username or password..'

2018-07-01 19:02:22 - [TEST_STEP][PASSED] - verifyEqual: Actual object 'true' and expected object 'true' are equal

2018-07-01 19:02:22 - [MESSAGE][PASSED] - Actual object 'true' and expected object 'true' are equal

2018-07-01 19:02:22 - [TEST_STEP][PASSED] - Statement - Break: null]]></system-out>
         <system-err><![CDATA[]]></system-err>
      </testcase>
      <testcase name="Test Cases/1.Login/Login_TestCase" classname="Test Cases/1.Login/Login_TestCase" status="PASSED">
         <system-out><![CDATA[2018-07-01 19:02:22 - [TEST_CASE][PASSED] - Test Cases/1.Login/Login_TestCase: Test Cases/1.Login/Login_TestCase

2018-07-01 19:02:22 - [TEST_STEP][PASSED] - Start setup action : setup: Method 'setup' complete successfully

2018-07-01 19:02:22 - [TEST_STEP][PASSED] - openBrowser: Browser is opened with url: 'https://app.myhours.com/#/signin'

2018-07-01 19:02:22 - [MESSAGE][WARNING] - A browser is already opened. Closing browser and opening a new one

2018-07-01 19:02:36 - [MESSAGE][PASSED] - Browser is opened with url: 'https://app.myhours.com/#/signin'

2018-07-01 19:02:36 - [MESSAGE][PASSED] - Method 'setup' complete successfully

2018-07-01 19:02:36 - [TEST_STEP][PASSED] - waitForElementVisible: Object 'Object Repository/1.Login_Object_Repository/input_email' is visible

2018-07-01 19:02:36 - [MESSAGE][PASSED] - Object 'Object Repository/1.Login_Object_Repository/input_email' is visible

2018-07-01 19:02:36 - [TEST_STEP][PASSED] - setText: Text 'zaheeeb@gmail.com' is set on object 'Object Repository/1.Login_Object_Repository/input_email'

2018-07-01 19:02:36 - [MESSAGE][PASSED] - Text 'zaheeeb@gmail.com' is set on object 'Object Repository/1.Login_Object_Repository/input_email'

2018-07-01 19:02:36 - [TEST_STEP][PASSED] - setText: Text 'test12345' is set on object 'Object Repository/1.Login_Object_Repository/input_password'

2018-07-01 19:02:37 - [MESSAGE][PASSED] - Text 'test12345' is set on object 'Object Repository/1.Login_Object_Repository/input_password'

2018-07-01 19:02:37 - [TEST_STEP][PASSED] - click: Object: 'Object Repository/1.Login_Object_Repository/button_Sign in' is clicked on

2018-07-01 19:02:37 - [MESSAGE][PASSED] - Object: 'Object Repository/1.Login_Object_Repository/button_Sign in' is clicked on

2018-07-01 19:02:37 - [TEST_STEP][PASSED] - Statement - switch (varLoginMessage.toString()): null]]></system-out>
         <system-err><![CDATA[]]></system-err>
      </testcase>
      <testcase name="Test Cases/2.TrackActivity/NewActivity_TestCase" classname="Test Cases/2.TrackActivity/NewActivity_TestCase" status="PASSED">
         <system-out><![CDATA[2018-07-01 19:02:37 - [TEST_CASE][PASSED] - Test Cases/2.TrackActivity/NewActivity_TestCase: Test Cases/2.TrackActivity/NewActivity_TestCase

2018-07-01 19:02:38 - [TEST_STEP][PASSED] - click: Object: 'Object Repository/2.NewActivity_Object_Repository/i_caret pull-right' is clicked on

2018-07-01 19:02:40 - [MESSAGE][PASSED] - Object: 'Object Repository/2.NewActivity_Object_Repository/i_caret pull-right' is clicked on

2018-07-01 19:02:40 - [TEST_STEP][PASSED] - click: Object: 'Object Repository/2.NewActivity_Object_Repository/span_Project' is clicked on

2018-07-01 19:02:41 - [MESSAGE][PASSED] - Object: 'Object Repository/2.NewActivity_Object_Repository/span_Project' is clicked on

2018-07-01 19:02:41 - [TEST_STEP][PASSED] - click: Object: 'Object Repository/2.NewActivity_Object_Repository/i_caret pull-right_1' is clicked on

2018-07-01 19:02:42 - [MESSAGE][PASSED] - Object: 'Object Repository/2.NewActivity_Object_Repository/i_caret pull-right_1' is clicked on

2018-07-01 19:02:42 - [TEST_STEP][PASSED] - click: Object: 'Object Repository/2.NewActivity_Object_Repository/span_Meeting With Client' is clicked on

2018-07-01 19:02:42 - [MESSAGE][PASSED] - Object: 'Object Repository/2.NewActivity_Object_Repository/span_Meeting With Client' is clicked on

2018-07-01 19:02:42 - [TEST_STEP][PASSED] - click: Object: 'Object Repository/2.NewActivity_Object_Repository/input_form-control ng-pristine' is clicked on

2018-07-01 19:02:42 - [MESSAGE][PASSED] - Object: 'Object Repository/2.NewActivity_Object_Repository/input_form-control ng-pristine' is clicked on

2018-07-01 19:02:42 - [TEST_STEP][PASSED] - setText: Text '01:00' is set on object 'Object Repository/2.NewActivity_Object_Repository/input_form-control ng-pristine'

2018-07-01 19:02:43 - [MESSAGE][PASSED] - Text '01:00' is set on object 'Object Repository/2.NewActivity_Object_Repository/input_form-control ng-pristine'

2018-07-01 19:02:43 - [TEST_STEP][PASSED] - sendKeys: Keys 'TAB + ' sent to object: 'Object Repository/2.NewActivity_Object_Repository/input_form-control ng-pristine'

2018-07-01 19:02:43 - [MESSAGE][PASSED] - Keys 'TAB + ' sent to object: 'Object Repository/2.NewActivity_Object_Repository/input_form-control ng-pristine'

2018-07-01 19:02:43 - [TEST_STEP][PASSED] - click: Object: 'Object Repository/2.NewActivity_Object_Repository/input_form-control ng-pristine' is clicked on

2018-07-01 19:02:43 - [MESSAGE][PASSED] - Object: 'Object Repository/2.NewActivity_Object_Repository/input_form-control ng-pristine' is clicked on

2018-07-01 19:02:43 - [TEST_STEP][PASSED] - setText: Text '02' is set on object 'Object Repository/2.NewActivity_Object_Repository/input_form-control ng-pristine'

2018-07-01 19:02:43 - [MESSAGE][PASSED] - Text '02' is set on object 'Object Repository/2.NewActivity_Object_Repository/input_form-control ng-pristine'

2018-07-01 19:02:43 - [TEST_STEP][PASSED] - setText: Text '10' is set on object 'Object Repository/2.NewActivity_Object_Repository/input_addCost'

2018-07-01 19:02:43 - [MESSAGE][PASSED] - Text '10' is set on object 'Object Repository/2.NewActivity_Object_Repository/input_addCost'

2018-07-01 19:02:43 - [TEST_STEP][PASSED] - doubleClick: Object: 'Object Repository/2.NewActivity_Object_Repository/textarea_form-control ng-untou' is double clicked on

2018-07-01 19:02:44 - [MESSAGE][PASSED] - Object: 'Object Repository/2.NewActivity_Object_Repository/textarea_form-control ng-untou' is double clicked on

2018-07-01 19:02:44 - [TEST_STEP][PASSED] - setText: Text 'description' is set on object 'Object Repository/2.NewActivity_Object_Repository/textarea_form-control ng-untou'

2018-07-01 19:02:44 - [MESSAGE][PASSED] - Text 'description' is set on object 'Object Repository/2.NewActivity_Object_Repository/textarea_form-control ng-untou'

2018-07-01 19:02:44 - [TEST_STEP][PASSED] - Statement - attribute = com.kms.katalon.core.webui.keyword.WebUiBuiltInKeywords.getAttribute(com.kms.katalon.core.testobject.ObjectRepository.findTestObject(2.NewActivity_Object_Repository/textarea_form-control ng-untou), "value"): Attribute 'value' of object 'Object Repository/2.NewActivity_Object_Repository/textarea_form-control ng-untou' is: 'description'

2018-07-01 19:02:44 - [MESSAGE][PASSED] - Attribute 'value' of object 'Object Repository/2.NewActivity_Object_Repository/textarea_form-control ng-untou' is: 'description'

2018-07-01 19:02:44 - [TEST_STEP][PASSED] - Statement - assert attribute == "description": null

2018-07-01 19:02:44 - [TEST_STEP][PASSED] - click: Object: 'Object Repository/2.NewActivity_Object_Repository/button_Submit' is clicked on

2018-07-01 19:02:44 - [MESSAGE][PASSED] - Object: 'Object Repository/2.NewActivity_Object_Repository/button_Submit' is clicked on]]></system-out>
         <system-err><![CDATA[]]></system-err>
      </testcase>
      <testcase name="Test Cases/3.Create_Invoice/CreateInvoice_TestCase" classname="Test Cases/3.Create_Invoice/CreateInvoice_TestCase" status="PASSED">
         <system-out><![CDATA[2018-07-01 19:02:44 - [TEST_CASE][PASSED] - Test Cases/3.Create_Invoice/CreateInvoice_TestCase: Test Cases/3.Create_Invoice/CreateInvoice_TestCase

2018-07-01 19:02:45 - [TEST_STEP][PASSED] - click: Object: 'Object Repository/3.CreateInvoice_Object_Repository/a_Manage' is clicked on

2018-07-01 19:02:45 - [MESSAGE][PASSED] - Object: 'Object Repository/3.CreateInvoice_Object_Repository/a_Manage' is clicked on

2018-07-01 19:02:45 - [TEST_STEP][PASSED] - click: Object: 'Object Repository/3.CreateInvoice_Object_Repository/a_Invoices' is clicked on

2018-07-01 19:02:45 - [MESSAGE][PASSED] - Object: 'Object Repository/3.CreateInvoice_Object_Repository/a_Invoices' is clicked on

2018-07-01 19:02:45 - [TEST_STEP][PASSED] - click: Object: 'Object Repository/3.CreateInvoice_Object_Repository/a_Create New Invoice' is clicked on

2018-07-01 19:02:46 - [MESSAGE][PASSED] - Object: 'Object Repository/3.CreateInvoice_Object_Repository/a_Create New Invoice' is clicked on

2018-07-01 19:02:46 - [TEST_STEP][PASSED] - click: Object: 'Object Repository/3.CreateInvoice_Object_Repository/input_ng-pristine ng-untouched' is clicked on

2018-07-01 19:02:47 - [MESSAGE][PASSED] - Object: 'Object Repository/3.CreateInvoice_Object_Repository/input_ng-pristine ng-untouched' is clicked on

2018-07-01 19:02:47 - [TEST_STEP][PASSED] - click: Object: 'Object Repository/3.CreateInvoice_Object_Repository/button_Invoice selected' is clicked on

2018-07-01 19:02:47 - [MESSAGE][PASSED] - Object: 'Object Repository/3.CreateInvoice_Object_Repository/button_Invoice selected' is clicked on

2018-07-01 19:02:47 - [TEST_STEP][PASSED] - setText: Text 'GST' is set on object 'Object Repository/3.CreateInvoice_Object_Repository/input_tax-name'

2018-07-01 19:02:48 - [MESSAGE][PASSED] - Text 'GST' is set on object 'Object Repository/3.CreateInvoice_Object_Repository/input_tax-name'

2018-07-01 19:02:48 - [TEST_STEP][PASSED] - setText: Text '14' is set on object 'Object Repository/3.CreateInvoice_Object_Repository/input_tax-value'

2018-07-01 19:02:48 - [MESSAGE][PASSED] - Text '14' is set on object 'Object Repository/3.CreateInvoice_Object_Repository/input_tax-value'

2018-07-01 19:02:48 - [TEST_STEP][PASSED] - setText: Text 'invoice text' is set on object 'Object Repository/3.CreateInvoice_Object_Repository/textarea_invoice-text'

2018-07-01 19:02:48 - [MESSAGE][PASSED] - Text 'invoice text' is set on object 'Object Repository/3.CreateInvoice_Object_Repository/textarea_invoice-text'

2018-07-01 19:02:48 - [TEST_STEP][PASSED] - setText: Text 'note not show on invoice.' is set on object 'Object Repository/3.CreateInvoice_Object_Repository/textarea_invoice-note'

2018-07-01 19:02:49 - [MESSAGE][PASSED] - Text 'note not show on invoice.' is set on object 'Object Repository/3.CreateInvoice_Object_Repository/textarea_invoice-note'

2018-07-01 19:02:49 - [TEST_STEP][PASSED] - click: Object: 'Object Repository/3.CreateInvoice_Object_Repository/button_Create' is clicked on

2018-07-01 19:02:49 - [MESSAGE][PASSED] - Object: 'Object Repository/3.CreateInvoice_Object_Repository/button_Create' is clicked on]]></system-out>
         <system-err><![CDATA[]]></system-err>
      </testcase>
      <testcase name="Test Cases/4.TearDown/TearDown_TestCase" classname="Test Cases/4.TearDown/TearDown_TestCase" status="FAILED">
         <failure type="FAILED" message="Unable to get attribute 'id' of object 'Object Repository/4.Teardown_Object_Repository/button_deleteTodayLog' (Root cause: com.kms.katalon.core.webui.exception.WebElementNotFoundException: Web element with id: 'Object Repository/4.Teardown_Object_Repository/button_deleteTodayLog' located by 'By.xpath: //button[@id = 'deleteTodayLog']' not found)"/>
         <system-out><![CDATA[2018-07-01 19:02:49 - [TEST_CASE][FAILED] - Test Cases/4.TearDown/TearDown_TestCase: Test Cases/4.TearDown/TearDown_TestCase FAILED because (of) Unable to get attribute 'id' of object 'Object Repository/4.Teardown_Object_Repository/button_deleteTodayLog' (Root cause: com.kms.katalon.core.webui.exception.WebElementNotFoundException: Web element with id: 'Object Repository/4.Teardown_Object_Repository/button_deleteTodayLog' located by 'By.xpath: //button[@id = 'deleteTodayLog']' not found)

2018-07-01 19:02:50 - [TEST_STEP][PASSED] - click: Object: 'Object Repository/4.Teardown_Object_Repository/button_Delete this invoice' is clicked on

2018-07-01 19:02:50 - [MESSAGE][PASSED] - Object: 'Object Repository/4.Teardown_Object_Repository/button_Delete this invoice' is clicked on

2018-07-01 19:02:50 - [TEST_STEP][PASSED] - click: Object: 'Object Repository/4.Teardown_Object_Repository/button_Confirm' is clicked on

2018-07-01 19:02:51 - [MESSAGE][PASSED] - Object: 'Object Repository/4.Teardown_Object_Repository/button_Confirm' is clicked on

2018-07-01 19:02:51 - [TEST_STEP][PASSED] - waitForElementVisible: Object 'Object Repository/4.Teardown_Object_Repository/span_Track' is visible

2018-07-01 19:02:51 - [MESSAGE][PASSED] - Object 'Object Repository/4.Teardown_Object_Repository/span_Track' is visible

2018-07-01 19:02:51 - [TEST_STEP][PASSED] - click: Object: 'Object Repository/4.Teardown_Object_Repository/span_Track' is clicked on

2018-07-01 19:02:51 - [MESSAGE][PASSED] - Object: 'Object Repository/4.Teardown_Object_Repository/span_Track' is clicked on

2018-07-01 19:02:51 - [TEST_STEP][FAILED] - Statement - While (true): Unable to get attribute 'id' of object 'Object Repository/4.Teardown_Object_Repository/button_deleteTodayLog' (Root cause: com.kms.katalon.core.webui.exception.WebElementNotFoundException: Web element with id: 'Object Repository/4.Teardown_Object_Repository/button_deleteTodayLog' located by 'By.xpath: //button[@id = 'deleteTodayLog']' not found)

2018-07-01 19:02:51 - [TEST_STEP][PASSED] - Statement - button = com.kms.katalon.core.webui.keyword.WebUiBuiltInKeywords.getAttribute(com.kms.katalon.core.testobject.ObjectRepository.findTestObject(4.Teardown_Object_Repository/button_deleteTodayLog), "id"): Attribute 'id' of object 'Object Repository/4.Teardown_Object_Repository/button_deleteTodayLog' is: 'deleteTodayLog'

2018-07-01 19:02:52 - [MESSAGE][PASSED] - Attribute 'id' of object 'Object Repository/4.Teardown_Object_Repository/button_deleteTodayLog' is: 'deleteTodayLog'

2018-07-01 19:02:52 - [TEST_STEP][PASSED] - Statement - If (button != null): Object: 'Object Repository/4.Teardown_Object_Repository/button_OK' is clicked on

2018-07-01 19:02:52 - [TEST_STEP][PASSED] - waitForElementPresent: Object 'Object Repository/4.Teardown_Object_Repository/button_deleteTodayLog' is present

2018-07-01 19:02:52 - [MESSAGE][PASSED] - Object 'Object Repository/4.Teardown_Object_Repository/button_deleteTodayLog' is present

2018-07-01 19:02:52 - [TEST_STEP][PASSED] - click: Object: 'Object Repository/4.Teardown_Object_Repository/button_deleteTodayLog' is clicked on

2018-07-01 19:02:53 - [MESSAGE][PASSED] - Object: 'Object Repository/4.Teardown_Object_Repository/button_deleteTodayLog' is clicked on

2018-07-01 19:02:53 - [TEST_STEP][PASSED] - click: Object: 'Object Repository/4.Teardown_Object_Repository/button_OK' is clicked on

2018-07-01 19:02:53 - [MESSAGE][PASSED] - Object: 'Object Repository/4.Teardown_Object_Repository/button_OK' is clicked on

2018-07-01 19:02:53 - [TEST_STEP][FAILED] - Statement - button = com.kms.katalon.core.webui.keyword.WebUiBuiltInKeywords.getAttribute(com.kms.katalon.core.testobject.ObjectRepository.findTestObject(4.Teardown_Object_Repository/button_deleteTodayLog), "id"): Unable to get attribute 'id' of object 'Object Repository/4.Teardown_Object_Repository/button_deleteTodayLog' (Root cause: com.kms.katalon.core.webui.exception.WebElementNotFoundException: Web element with id: 'Object Repository/4.Teardown_Object_Repository/button_deleteTodayLog' located by 'By.xpath: //button[@id = 'deleteTodayLog']' not found)

2018-07-01 19:03:24 - [MESSAGE][FAILED] - Unable to get attribute 'id' of object 'Object Repository/4.Teardown_Object_Repository/button_deleteTodayLog' (Root cause: com.kms.katalon.core.webui.exception.WebElementNotFoundException: Web element with id: 'Object Repository/4.Teardown_Object_Repository/button_deleteTodayLog' located by 'By.xpath: //button[@id = 'deleteTodayLog']' not found)
[[ATTACHMENT|C:\\Users\\Zahir\\Katalon Studio\\MyHours_Assignment\\Reports\\MyHours_TestSuite\\20180701_190154\\1530461004221.png]]]]></system-out>
         <system-err><![CDATA[2018-07-01 19:02:49 - [TEST_CASE][FAILED] - Test Cases/4.TearDown/TearDown_TestCase: Test Cases/4.TearDown/TearDown_TestCase FAILED because (of) Unable to get attribute 'id' of object 'Object Repository/4.Teardown_Object_Repository/button_deleteTodayLog' (Root cause: com.kms.katalon.core.webui.exception.WebElementNotFoundException: Web element with id: 'Object Repository/4.Teardown_Object_Repository/button_deleteTodayLog' located by 'By.xpath: //button[@id = 'deleteTodayLog']' not found)]]></system-err>
      </testcase>
      <testcase name="Test Cases/5.Logout/Logout_TestCase" classname="Test Cases/5.Logout/Logout_TestCase" status="PASSED">
         <system-out><![CDATA[2018-07-01 19:03:24 - [TEST_CASE][PASSED] - Test Cases/5.Logout/Logout_TestCase: Test Cases/5.Logout/Logout_TestCase

2018-07-01 19:03:24 - [TEST_STEP][PASSED] - click: Object: 'Object Repository/5.Logout_Object_Repository/a_Zahir Babur' is clicked on

2018-07-01 19:03:25 - [MESSAGE][PASSED] - Object: 'Object Repository/5.Logout_Object_Repository/a_Zahir Babur' is clicked on

2018-07-01 19:03:25 - [TEST_STEP][PASSED] - click: Object: 'Object Repository/5.Logout_Object_Repository/a_Sign out' is clicked on

2018-07-01 19:03:25 - [MESSAGE][PASSED] - Object: 'Object Repository/5.Logout_Object_Repository/a_Sign out' is clicked on

2018-07-01 19:03:25 - [TEST_STEP][PASSED] - closeBrowser: Browser is closed

2018-07-01 19:03:26 - [MESSAGE][PASSED] - Browser is closed]]></system-out>
         <system-err><![CDATA[]]></system-err>
      </testcase>
      <system-out><![CDATA[2018-07-01 19:01:57 - [TEST_SUITE][FAILED] - MyHours_TestSuite: Test Cases/4.TearDown/TearDown_TestCase FAILED because (of) Unable to get attribute 'id' of object 'Object Repository/4.Teardown_Object_Repository/button_deleteTodayLog' (Root cause: com.kms.katalon.core.webui.exception.WebElementNotFoundException: Web element with id: 'Object Repository/4.Teardown_Object_Repository/button_deleteTodayLog' located by 'By.xpath: //button[@id = 'deleteTodayLog']' not found)]]></system-out>
      <system-err><![CDATA[2018-07-01 19:01:57 - [TEST_SUITE][FAILED] - MyHours_TestSuite: Test Cases/4.TearDown/TearDown_TestCase FAILED because (of) Unable to get attribute 'id' of object 'Object Repository/4.Teardown_Object_Repository/button_deleteTodayLog' (Root cause: com.kms.katalon.core.webui.exception.WebElementNotFoundException: Web element with id: 'Object Repository/4.Teardown_Object_Repository/button_deleteTodayLog' located by 'By.xpath: //button[@id = 'deleteTodayLog']' not found)]]></system-err>
   </testsuite>
</testsuites>
